[22-Oct-2021 13:17:35] NOTICE: fpm is running, pid 22785
[22-Oct-2021 13:17:35] NOTICE: ready to handle connections
[15-Nov-2021 14:36:55] NOTICE: fpm is running, pid 51806
[15-Nov-2021 14:36:55] NOTICE: ready to handle connections
[03-Dec-2021 20:29:48] NOTICE: fpm is running, pid 64026
[03-Dec-2021 20:29:48] NOTICE: ready to handle connections
[16-Dec-2021 12:19:12] NOTICE: fpm is running, pid 63565
[16-Dec-2021 12:19:12] NOTICE: ready to handle connections
[16-Dec-2021 12:37:58] NOTICE: Terminating ...
[16-Dec-2021 12:37:58] NOTICE: Terminating ...
[16-Dec-2021 12:37:58] NOTICE: exiting, bye-bye!
[16-Dec-2021 12:38:15] NOTICE: fpm is running, pid 64608
[16-Dec-2021 12:38:15] NOTICE: ready to handle connections
[02-Jan-2022 06:45:12] NOTICE: fpm is running, pid 75797
[02-Jan-2022 06:45:12] NOTICE: ready to handle connections
[12-Feb-2022 08:33:24] NOTICE: fpm is running, pid 72063
[12-Feb-2022 08:33:24] NOTICE: ready to handle connections
[03-May-2022 07:14:11] NOTICE: fpm is running, pid 29091
[03-May-2022 07:14:11] NOTICE: ready to handle connections
[03-May-2022 07:16:53] NOTICE: Terminating ...
[03-May-2022 07:16:53] NOTICE: Terminating ...
[03-May-2022 07:16:53] NOTICE: exiting, bye-bye!
[03-May-2022 07:17:39] NOTICE: fpm is running, pid 30125
[03-May-2022 07:17:39] NOTICE: ready to handle connections
[03-May-2022 13:16:28] NOTICE: Terminating ...
[03-May-2022 13:16:28] NOTICE: Terminating ...
[03-May-2022 13:16:28] NOTICE: exiting, bye-bye!
[03-May-2022 23:30:31] NOTICE: fpm is running, pid 42221
[03-May-2022 23:30:31] NOTICE: ready to handle connections
[10-May-2022 10:59:27] NOTICE: fpm is running, pid 16249
[10-May-2022 10:59:27] NOTICE: ready to handle connections
[10-May-2022 11:00:01] NOTICE: Terminating ...
[10-May-2022 11:00:01] NOTICE: Terminating ...
[10-May-2022 11:00:01] NOTICE: exiting, bye-bye!
[10-May-2022 11:00:02] NOTICE: fpm is running, pid 16348
[10-May-2022 11:00:02] NOTICE: ready to handle connections
[13-Jun-2022 13:53:48] NOTICE: fpm is running, pid 97282
[13-Jun-2022 13:53:48] NOTICE: ready to handle connections
[19-Oct-2022 09:54:59] NOTICE: fpm is running, pid 3836
[19-Oct-2022 09:54:59] NOTICE: ready to handle connections
[19-Oct-2022 11:25:35] NOTICE: fpm is running, pid 12035
[19-Oct-2022 11:25:35] NOTICE: ready to handle connections
[21-Dec-2022 10:51:59] NOTICE: fpm is running, pid 2089
[21-Dec-2022 10:51:59] NOTICE: ready to handle connections
[21-Dec-2022 16:39:04] NOTICE: Terminating ...
[21-Dec-2022 16:39:04] NOTICE: Terminating ...
[21-Dec-2022 16:39:04] NOTICE: exiting, bye-bye!
[22-Dec-2022 10:07:18] NOTICE: fpm is running, pid 2943
[22-Dec-2022 10:07:18] NOTICE: ready to handle connections
[22-Dec-2022 14:03:46] NOTICE: Terminating ...
[22-Dec-2022 14:03:46] NOTICE: Terminating ...
[22-Dec-2022 14:03:46] NOTICE: exiting, bye-bye!
[05-Jan-2023 15:09:02] NOTICE: fpm is running, pid 14618
[05-Jan-2023 15:09:02] NOTICE: ready to handle connections
[05-Jan-2023 16:41:24] NOTICE: Terminating ...
[05-Jan-2023 16:41:24] NOTICE: Terminating ...
[05-Jan-2023 16:41:24] NOTICE: exiting, bye-bye!
[07-Feb-2023 15:52:41] NOTICE: fpm is running, pid 12489
[07-Feb-2023 15:52:41] NOTICE: ready to handle connections
[07-Feb-2023 16:40:52] NOTICE: Terminating ...
[07-Feb-2023 16:40:52] NOTICE: Terminating ...
[07-Feb-2023 16:40:52] NOTICE: exiting, bye-bye!
[13-Feb-2023 13:05:42] NOTICE: fpm is running, pid 12892
[13-Feb-2023 13:05:42] NOTICE: ready to handle connections
[13-Feb-2023 16:41:41] NOTICE: Terminating ...
[13-Feb-2023 16:41:41] NOTICE: Terminating ...
[13-Feb-2023 16:41:41] NOTICE: exiting, bye-bye!
[14-Feb-2023 09:27:36] NOTICE: fpm is running, pid 2881
[14-Feb-2023 09:27:36] NOTICE: ready to handle connections
[14-Feb-2023 14:46:21] NOTICE: Terminating ...
[14-Feb-2023 14:46:21] NOTICE: Terminating ...
[14-Feb-2023 14:46:22] NOTICE: exiting, bye-bye!
[15-Feb-2023 09:53:32] NOTICE: fpm is running, pid 2710
[15-Feb-2023 09:53:32] NOTICE: ready to handle connections
[15-Feb-2023 16:46:15] NOTICE: Terminating ...
[15-Feb-2023 16:46:15] NOTICE: Terminating ...
[15-Feb-2023 16:46:15] NOTICE: exiting, bye-bye!
[27-Feb-2023 08:33:25] NOTICE: fpm is running, pid 1441
[27-Feb-2023 08:33:25] NOTICE: ready to handle connections
[27-Feb-2023 16:45:29] NOTICE: Terminating ...
[27-Feb-2023 16:45:29] NOTICE: Terminating ...
[27-Feb-2023 16:45:29] NOTICE: exiting, bye-bye!
[28-Feb-2023 11:17:07] NOTICE: fpm is running, pid 7729
[28-Feb-2023 11:17:07] NOTICE: ready to handle connections
[28-Feb-2023 16:56:31] NOTICE: Terminating ...
[28-Feb-2023 16:56:31] NOTICE: Terminating ...
[28-Feb-2023 16:56:31] NOTICE: exiting, bye-bye!
[08-Mar-2023 14:14:08] NOTICE: fpm is running, pid 12591
[08-Mar-2023 14:14:08] NOTICE: ready to handle connections
[08-Mar-2023 16:45:51] NOTICE: Terminating ...
[08-Mar-2023 16:45:51] NOTICE: Terminating ...
[08-Mar-2023 16:45:51] NOTICE: exiting, bye-bye!
[13-Apr-2023 16:16:04] NOTICE: fpm is running, pid 19234
[13-Apr-2023 16:16:04] NOTICE: ready to handle connections
[13-Apr-2023 16:41:51] NOTICE: Terminating ...
[13-Apr-2023 16:41:51] NOTICE: Terminating ...
[13-Apr-2023 16:41:51] NOTICE: exiting, bye-bye!
